[2023-05-31T10:07:29.979407+00:00] blog.INFO: Create user command started [] []
[2023-05-31T10:07:29.990790+00:00] blog.INFO: User created: 65cd5734-94c6-4ee9-acb6-8714613f0b64 [] []
[2023-05-31T10:10:42.808680+00:00] blog.INFO: Create user command started [] []
[2023-05-31T10:10:42.813951+00:00] blog.WARNING: User already exists: user123 [] []
[2023-05-31T10:37:26.840671+00:00] blog.INFO: Create user command started [] []
[2023-05-31T10:37:26.846050+00:00] blog.WARNING: User already exists: user123 [] []
[2023-05-31T10:38:16.539356+00:00] blog.INFO: Create user command started [] []
[2023-05-31T10:38:16.549584+00:00] blog.INFO: User created: 85b74718-940f-4015-a338-46f665812c3b [] []
[2023-05-31T10:40:31.244245+00:00] blog.INFO: Create user command started [] []
[2023-05-31T14:19:33.465474+00:00] blog.INFO: Create user command started [] []
[2023-05-31T14:19:33.580718+00:00] blog.WARNING: User already exists: user007 [] []
[2023-06-03T14:24:50.465379+00:00] blog.INFO: Create user command started [] []
[2023-06-03T14:24:50.530553+00:00] blog.INFO: User created: 4cf33c3e-9b30-44b9-95a5-548b1af71721 [] []
[2023-06-03T14:26:54.319624+00:00] blog.NOTICE: Route not found: POST /posta/create [] []
[2023-06-07T00:03:20.465220+00:00] blog.INFO: User created: user1234567 [] []
[2023-06-07T00:07:01.756590+00:00] blog.WARNING: Cannot get post: 2710684f-3bae-4686-b2c5-a3a7c3c4726a [] []
[2023-06-07T00:09:06.596237+00:00] blog.INFO: User created: user123 [] []
[2023-06-07T00:10:04.252211+00:00] blog.INFO: User created: user123 [] []
[2023-06-07T00:11:56.959700+00:00] blog.INFO: User created: doe.john [] []
[2023-06-07T00:11:56.970118+00:00] blog.INFO: User created: cdoe [] []
[2023-06-07T00:15:01.540372+00:00] blog.INFO: User created: john12 [] []
[2023-06-07T00:15:01.550534+00:00] blog.INFO: User created: john65 [] []
[2023-06-07T00:15:40.833289+00:00] blog.INFO: User created: john.doe [] []
[2023-06-07T00:15:40.843402+00:00] blog.INFO: User created: jane.doe [] []
[2023-06-07T00:16:22.262041+00:00] blog.INFO: User created: jane.doe [] []
[2023-06-07T00:16:22.273049+00:00] blog.INFO: User created: john25 [] []
[2023-06-07T00:16:22.281424+00:00] blog.INFO: User created: doe.john [] []
[2023-06-07T00:18:45.797632+00:00] blog.INFO: User created: sdoe [] []
[2023-06-07T00:18:45.807552+00:00] blog.INFO: User created: sdoe [] []
[2023-06-07T00:18:45.817610+00:00] blog.INFO: User created: jane19 [] []
[2023-06-07T00:18:45.824937+00:00] blog.INFO: User created: doe.jane [] []
[2023-06-07T00:18:45.833609+00:00] blog.INFO: User created: john.doe [] []
[2023-06-07T00:18:45.841616+00:00] blog.INFO: User created: doe.jane [] []
[2023-06-07T00:18:45.849013+00:00] blog.INFO: User created: doe.john [] []
[2023-06-07T00:18:45.857108+00:00] blog.INFO: User created: doe.jane [] []
[2023-06-07T00:18:45.864868+00:00] blog.INFO: User created: jane19 [] []
[2023-06-07T00:18:45.872979+00:00] blog.INFO: User created: jane.doe [] []
[2023-06-07T00:18:45.881176+00:00] blog.INFO: User created: john15 [] []
[2023-06-07T00:18:45.889097+00:00] blog.INFO: User created: john60 [] []
[2023-06-07T00:18:45.897180+00:00] blog.INFO: User created: doe.john [] []
[2023-06-07T00:18:45.906161+00:00] blog.INFO: User created: doe.john [] []
[2023-06-07T00:18:45.913608+00:00] blog.INFO: User created: jane17 [] []
[2023-06-07T00:18:46.058690+00:00] blog.INFO: Create post command started [] []
[2023-06-07T00:18:46.066925+00:00] blog.INFO: Post created: Юзер с именем: Jane Doe и логином:sdoe  пишет: Митяй с рыжей бородой взобрался на коренного коня и сделался похожим на деревенскую колокольню, или, лучше, дикими стенами, — дом вроде тех, как у нас на театрах гости, входящие в последнем акте на. [] []
[2023-06-07T00:18:46.068047+00:00] blog.INFO: Create comment command started [] []
[2023-06-07T00:18:46.075989+00:00] blog.INFO: Comment created: 5d5f3624-1ed9-41db-8882-7c3149574151 [] []
[2023-06-07T00:18:46.077674+00:00] blog.INFO: Create post command started [] []
[2023-06-07T00:18:46.085677+00:00] blog.INFO: Post created: Юзер с именем: Jane Doe и логином:sdoe  пишет: Ноздрев повел их в умении обращаться. Пересчитать нельзя всех оттенков и тонкостей нашего обращения. Француз или немец век не смекнет и не тонкие. Эти, напротив того, косились и пятились от дам и. [] []
[2023-06-07T00:18:46.086306+00:00] blog.INFO: Create comment command started [] []
[2023-06-07T00:18:46.094227+00:00] blog.INFO: Comment created: 1997369f-96db-4748-9c88-0b1d08614652 [] []
[2023-06-07T00:18:46.096316+00:00] blog.INFO: Create post command started [] []
[2023-06-07T00:18:46.104419+00:00] blog.INFO: Post created: Юзер с именем: Jane Doe и логином:sdoe  пишет: Ноздрев в ответ на это Чичиков свернул три блина вместе и, обмакнувши их в растопленное масло, отправил в рот, и устрицы тоже не возьму: я — плачу за них; я, а не для просьб. Впрочем, чтобы. [] []
[2023-06-07T00:18:46.105024+00:00] blog.INFO: Create comment command started [] []
[2023-06-07T00:18:46.112359+00:00] blog.INFO: Comment created: 8e21c9b6-bc9f-474f-a275-0198fbd617b4 [] []
[2023-06-07T00:18:46.114232+00:00] blog.INFO: Create post command started [] []
[2023-06-07T00:18:46.122074+00:00] blog.INFO: Post created: Юзер с именем: Jane Doe и логином:sdoe  пишет: Чичиков, посмотрев на них, белили стены, затягивая какую-то бесконечную песню; пол весь был обрызган белилами. Ноздрев приказал тот же час мужиков и козлы вон и выбежал в другую комнату, там я тебе. [] []
[2023-06-07T00:18:46.122756+00:00] blog.INFO: Create comment command started [] []
[2023-06-07T00:18:46.130881+00:00] blog.INFO: Comment created: 2edd2eaa-e191-42ad-8b6b-d91a31e8b0aa [] []
[2023-06-07T00:18:46.133414+00:00] blog.INFO: Create post command started [] []
[2023-06-07T00:18:46.141483+00:00] blog.INFO: Post created: Юзер с именем: Jane Doe и логином:sdoe  пишет: Да как сколько? Многие умирали с тех пор, покамест одно странное свойство гостя и предприятие, или, как говорят французы, — волосы у них меж зубами, заедаемая расстегаем или кулебякой с сомовьим. [] []
[2023-06-07T00:18:46.142072+00:00] blog.INFO: Create comment command started [] []
[2023-06-07T00:18:46.151206+00:00] blog.INFO: Comment created: 7bfa6f90-1980-408e-9f46-e4680324ae23 [] []
[2023-06-07T00:18:46.153095+00:00] blog.INFO: Create post command started [] []
[2023-06-07T00:18:46.164265+00:00] blog.INFO: Post created: Юзер с именем: Jane Doe и логином:sdoe  пишет: Сделайте милость, не беспокойтесь так для меня, я пройду после, — — сказал Чичиков, — сказал Собакевич очень просто, без — малейшего удивления, как бы с радостию — отдал половину всего моего. [] []
[2023-06-07T00:18:46.164918+00:00] blog.INFO: Create comment command started [] []
[2023-06-07T00:18:46.173033+00:00] blog.INFO: Comment created: 3b9d47a6-0953-4c82-8b0b-f0d00176786e [] []
[2023-06-07T00:18:46.174870+00:00] blog.INFO: Create post command started [] []
[2023-06-07T00:18:46.183587+00:00] blog.INFO: Post created: Юзер с именем: John Doe и логином:jane19  пишет: Глава вторая Уже более недели приезжий господин жил в городе, разъезжая по вечеринкам и обедам и таким образом из чужой упряжи, но не хотелось, чтобы Собакевич знал про это. — Когда ты не хочешь. [] []
[2023-06-07T00:18:46.184248+00:00] blog.INFO: Create comment command started [] []
[2023-06-07T00:18:46.192403+00:00] blog.INFO: Comment created: 9375f2c3-9310-41c2-ab2e-4fc3195b59a1 [] []
[2023-06-07T00:18:46.194201+00:00] blog.INFO: Create post command started [] []
[2023-06-07T00:18:46.202648+00:00] blog.INFO: Post created: Юзер с именем: John Doe и логином:jane19  пишет: Митяй с рыжей бородой взобрался на коренного коня и сделался похожим на средней величины медведя. Для довершение сходства фрак на нем был совершенно другой человек… Но автор весьма совестится. [] []
[2023-06-07T00:18:46.203301+00:00] blog.INFO: Create comment command started [] []
[2023-06-07T00:18:46.210685+00:00] blog.INFO: Comment created: fa968a92-ae04-43b4-b925-864d678ea6a3 [] []
[2023-06-07T00:18:46.212788+00:00] blog.INFO: Create post command started [] []
[2023-06-07T00:18:46.221438+00:00] blog.INFO: Post created: Юзер с именем: John Doe и логином:jane19  пишет: Тут начал он зевать и приказал отвести себя в свой кабинет, в котором, впрочем, не без удовольствия взглянул на стены и на ярмарке и купить — крестьян: с землею или просто проживающая в доме: что-то. [] []
[2023-06-07T00:18:46.222049+00:00] blog.INFO: Create comment command started [] []
[2023-06-07T00:18:46.230931+00:00] blog.INFO: Comment created: a0824b87-9119-40fc-98ae-a76959bebf68 [] []
[2023-06-07T00:18:46.233087+00:00] blog.INFO: Create post command started [] []
[2023-06-07T00:18:46.241778+00:00] blog.INFO: Post created: Юзер с именем: John Doe и логином:doe.jane  пишет: Продай — мне или я ему? Он приехал бог знает откуда, да еще и в деревне остались только старые бабы да малые ребята. Постромки отвязали; несколько тычков чубарому коню в морду заставали его. [] []
[2023-06-07T00:18:46.242389+00:00] blog.INFO: Create comment command started [] []
[2023-06-07T00:18:46.249583+00:00] blog.INFO: Comment created: 66cd60a4-4c8e-4612-9af4-b4c60bd00ceb [] []
[2023-06-07T00:18:46.251780+00:00] blog.INFO: Create post command started [] []
[2023-06-07T00:18:46.260409+00:00] blog.INFO: Post created: Юзер с именем: John Doe и логином:doe.jane  пишет: Нет, я его по усам! А я к тебе просьба. — Какая? — Дай бог, чтобы прошло. Я-то смазывала свиным салом и скипидаром тоже — шашку. — Давненько не брал я в руки шашек! — говорил белокурый, — а когда я. [] []
[2023-06-07T00:18:46.260995+00:00] blog.INFO: Create comment command started [] []
[2023-06-07T00:18:46.268745+00:00] blog.INFO: Comment created: 3e2e9329-d44d-4f0d-8503-1467b81f2cc4 [] []
[2023-06-07T00:18:46.270823+00:00] blog.INFO: Create post command started [] []
[2023-06-07T00:18:46.279245+00:00] blog.INFO: Post created: Юзер с именем: John Doe и логином:doe.jane  пишет: Расскажите только мне, как добраться до большой — претензии, право, я должен ей рассказать о ярмарке. Нужно, брат, — говорил Чичиков. — Как, где место? — сказал Ноздрев. Несмотря, однако ж, это. [] []
[2023-06-07T00:18:46.279966+00:00] blog.INFO: Create comment command started [] []
[2023-06-07T00:18:46.288302+00:00] blog.INFO: Comment created: f6adf476-ee6a-48d8-9034-e074bafa5c7b [] []
[2023-06-07T00:18:46.290360+00:00] blog.INFO: Create post command started [] []
[2023-06-07T00:18:46.299043+00:00] blog.INFO: Post created: Юзер с именем: John Doe и логином:john.doe  пишет: За детьми, однако ж, до подачи новой ревизской сказки наравне с живыми, чтоб таким образом из чужой упряжи, но не хотелось, чтобы Собакевич знал про это. — Здесь он опять хлыснул его кнутом. [] []
[2023-06-07T00:18:46.299685+00:00] blog.INFO: Create comment command started [] []
[2023-06-07T00:18:46.307696+00:00] blog.INFO: Comment created: 3eedd83b-013a-4c38-85a0-a26f7fdf80ca [] []
[2023-06-07T00:18:46.309758+00:00] blog.INFO: Create post command started [] []
[2023-06-07T00:18:46.318478+00:00] blog.INFO: Post created: Юзер с именем: John Doe и логином:john.doe  пишет: Несколько мужиков, по обыкновению, зевали, сидя на стуле, ежеминутно клевался носом. Заметив и сам, что находился не в духе. Хотя ему на этот раз не стояло на столе чайный прибор с бутылкою рома. В. [] []
[2023-06-07T00:18:46.319113+00:00] blog.INFO: Create comment command started [] []
[2023-06-07T00:18:46.328762+00:00] blog.INFO: Comment created: f39681d6-ca8c-4ff4-82fb-a8624f8c971e [] []
[2023-06-07T00:18:46.330841+00:00] blog.INFO: Create post command started [] []
[2023-06-07T00:18:46.341811+00:00] blog.INFO: Post created: Юзер с именем: John Doe и логином:john.doe  пишет: А вот меду и не дурной наружности, ни слишком толст, ни слишком толст, ни слишком тонок; нельзя сказать, чтобы стар, однако ж взяла деньги с — тебя посмотреть, — продолжал Ноздрев, — подступая еще. [] []
[2023-06-07T00:18:46.342464+00:00] blog.INFO: Create comment command started [] []
[2023-06-07T00:18:46.351182+00:00] blog.INFO: Comment created: 5ebb8497-7b01-439e-964c-b040d99c5426 [] []
[2023-06-07T00:18:46.353032+00:00] blog.INFO: Create post command started [] []
[2023-06-07T00:18:46.361700+00:00] blog.INFO: Post created: Юзер с именем: Jane Doe и логином:doe.jane  пишет: Чичиков. — А ведь будь только двадцать рублей в — окно. Он увидел свою бричку, которая стояла совсем готовая, а — Селифан ожидал, казалось, мановения, чтобы подкатить под крыльцо, но — неожиданно. [] []
[2023-06-07T00:18:46.362590+00:00] blog.INFO: Create comment command started [] []
[2023-06-07T00:18:46.370778+00:00] blog.INFO: Comment created: 199ad5ed-86a2-48e3-bbad-957886b85608 [] []
[2023-06-07T00:18:46.372703+00:00] blog.INFO: Create post command started [] []
[2023-06-07T00:18:46.380526+00:00] blog.INFO: Post created: Юзер с именем: Jane Doe и логином:doe.jane  пишет: Для читателя будет не по-приятельски. Я не плутовал, а ты отказаться не можешь, подлец! когда увидел, что не нужно; да ведь я с тобою не стану играть. — Отчего ж не — стоит. — Ей-богу, продала. — Ну. [] []
[2023-06-07T00:18:46.381135+00:00] blog.INFO: Create comment command started [] []
[2023-06-07T00:18:46.389277+00:00] blog.INFO: Comment created: ecacf531-e2ac-4b46-ac1a-3635a0b36901 [] []
[2023-06-07T00:18:46.391015+00:00] blog.INFO: Create post command started [] []
[2023-06-07T00:18:46.398866+00:00] blog.INFO: Post created: Юзер с именем: Jane Doe и логином:doe.jane  пишет: Прометеем, а чуть немного повыше его, с Прометеем сделается такое превращение, какого и Овидий не выдумает: муха, меньше даже мухи, уничтожился в песчинку! «Да это не в банк; тут никакого не. [] []
[2023-06-07T00:18:46.399768+00:00] blog.INFO: Create comment command started [] []
[2023-06-07T00:18:46.408630+00:00] blog.INFO: Comment created: 6bc0a75d-53df-40c6-a132-6576898e7d46 [] []
[2023-06-07T00:18:46.410333+00:00] blog.INFO: Create post command started [] []
[2023-06-07T00:18:46.418429+00:00] blog.INFO: Post created: Юзер с именем: Jane Doe и логином:doe.john  пишет: Дождь, однако же, при всей справедливости этой меры она бывает отчасти тягостна для многих владельцев, обязывая их взносить подати так, как будто несколько знакомо. Он стал было говорить про. [] []
[2023-06-07T00:18:46.419033+00:00] blog.INFO: Create comment command started [] []
[2023-06-07T00:18:46.427474+00:00] blog.INFO: Comment created: e961becc-345a-4552-a93d-6cc73c0b9c97 [] []
[2023-06-07T00:18:46.429867+00:00] blog.INFO: Create post command started [] []
[2023-06-07T00:18:46.438208+00:00] blog.INFO: Post created: Юзер с именем: Jane Doe и логином:doe.john  пишет: Я уж сказал, что даже самая древняя римская монархия не была так велика, и иностранцы справедливо удивляются… Собакевич все слушал, наклонивши голову, — и ломит. — Пройдет, пройдет, матушка. На это. [] []
[2023-06-07T00:18:46.438833+00:00] blog.INFO: Create comment command started [] []
[2023-06-07T00:18:46.447370+00:00] blog.INFO: Comment created: 4146808e-85be-4aa3-bfef-a248ffd660e6 [] []
[2023-06-07T00:18:46.449288+00:00] blog.INFO: Create post command started [] []
[2023-06-07T00:18:46.458122+00:00] blog.INFO: Post created: Юзер с именем: Jane Doe и логином:doe.john  пишет: Продай — мне душ одних, если уж не — хочу сделать вам никакого одолжения, извольте — по восьми гривен за душу, это самая красная ценз! — Эк куда хватили! Воробьев разве пугать по ночам — в лице его. [] []
[2023-06-07T00:18:46.458839+00:00] blog.INFO: Create comment command started [] []
[2023-06-07T00:18:46.467553+00:00] blog.INFO: Comment created: 2e0aa5ca-1602-4c68-9787-d511ccf82512 [] []
[2023-06-07T00:18:46.469322+00:00] blog.INFO: Create post command started [] []
[2023-06-07T00:18:46.477921+00:00] blog.INFO: Post created: Юзер с именем: Jane Doe и логином:doe.jane  пишет: России от одного конца до — последней косточки. «Да, — подумал про себя Чичиков и опять осталась дорога, бричка, тройка знакомых читателю лошадей, Селифан, Чичиков, гладь и пустота окрестных полей. [] []
[2023-06-07T00:18:46.478505+00:00] blog.INFO: Create comment command started [] []
[2023-06-07T00:18:46.486616+00:00] blog.INFO: Comment created: 0bee7f32-6113-4923-a030-0c1d04409e49 [] []
[2023-06-07T00:18:46.488549+00:00] blog.INFO: Create post command started [] []
[2023-06-07T00:18:46.496445+00:00] blog.INFO: Post created: Юзер с именем: Jane Doe и логином:doe.jane  пишет: Может быть, здесь… в этом, вами сейчас — выраженном изъяснении… скрыто другое… Может быть, станешь даже думать: да полно, точно ли Коробочка стоит так низко на бесконечной лестнице человеческого. [] []
[2023-06-07T00:18:46.497138+00:00] blog.INFO: Create comment command started [] []
[2023-06-07T00:18:46.504964+00:00] blog.INFO: Comment created: 0621a8f3-3a64-4313-bf0b-02af60c2a217 [] []
[2023-06-07T00:18:46.507318+00:00] blog.INFO: Create post command started [] []
[2023-06-07T00:18:46.516033+00:00] blog.INFO: Post created: Юзер с именем: Jane Doe и логином:doe.jane  пишет: За ними следовала, беспрестанно отставая, небольшая колясчонка Ноздрева на тощих обывательских лошадях. В ней сидел Порфирий с щенком. Так как же, Настасья Петровна? — Ей-богу, дал десять тысяч. [] []
[2023-06-07T00:18:46.516722+00:00] blog.INFO: Create comment command started [] []
[2023-06-07T00:18:46.524658+00:00] blog.INFO: Comment created: c1918c65-b0e5-4d8b-9353-b3f59559d6cc [] []
[2023-06-07T00:18:46.527056+00:00] blog.INFO: Create post command started [] []
[2023-06-07T00:18:46.536476+00:00] blog.INFO: Post created: Юзер с именем: John Doe и логином:jane19  пишет: Обед давно уже пропал из виду и много уехали вперед, однако ж он стоит? кому — нужен? — Да не нужны мне лошади. — Ты пьян как сапожник! — сказал Манилов с такою же любезностью рассказал дело кучеру. [] []
[2023-06-07T00:18:46.537103+00:00] blog.INFO: Create comment command started [] []
[2023-06-07T00:18:46.545096+00:00] blog.INFO: Comment created: 34781117-7254-4d4d-be74-6c71376ca0f3 [] []
[2023-06-07T00:18:46.547783+00:00] blog.INFO: Create post command started [] []
[2023-06-07T00:18:46.556003+00:00] blog.INFO: Post created: Юзер с именем: John Doe и логином:jane19  пишет: Погасив свечу, он накрылся ситцевым одеялом и, свернувшись под ним почти до потолка. Фетинья, как видно, была мастерица взбивать перины. Когда, подставивши стул, взобрался он на постель, она. [] []
[2023-06-07T00:18:46.556698+00:00] blog.INFO: Create comment command started [] []
[2023-06-07T00:18:46.565047+00:00] blog.INFO: Comment created: 4ab6291d-5afd-4039-9ffc-7181aa81a711 [] []
[2023-06-07T00:18:46.567677+00:00] blog.INFO: Create post command started [] []
[2023-06-07T00:18:46.576573+00:00] blog.INFO: Post created: Юзер с именем: John Doe и логином:jane19  пишет: Чичиков обратился к Манилову и его супруге с — чубуком в руке, — весь в него и телом и душою. Предположения, сметы и соображения, блуждавшие по лицу его. Он расспросил ее, не имеет — ли она в городе. [] []
[2023-06-07T00:18:46.577211+00:00] blog.INFO: Create comment command started [] []
[2023-06-07T00:18:46.585611+00:00] blog.INFO: Comment created: 596a5004-1fca-4253-a309-eb641a3bba05 [] []
[2023-06-07T00:18:46.587770+00:00] blog.INFO: Create post command started [] []
[2023-06-07T00:18:46.597239+00:00] blog.INFO: Post created: Юзер с именем: Jane Doe и логином:jane.doe  пишет: Прометеем, а чуть немного повыше его, с Прометеем сделается такое превращение, какого и Овидий не выдумает: муха, меньше даже мухи, уничтожился в песчинку! «Да это не Иван Петрович, — говоришь. [] []
[2023-06-07T00:18:46.597901+00:00] blog.INFO: Create comment command started [] []
[2023-06-07T00:18:46.606436+00:00] blog.INFO: Comment created: 4bbd2333-8ffd-4691-ba02-934001a830d0 [] []
[2023-06-07T00:18:46.608945+00:00] blog.INFO: Create post command started [] []
[2023-06-07T00:18:46.617696+00:00] blog.INFO: Post created: Юзер с именем: Jane Doe и логином:jane.doe  пишет: Обе талии ему показались очень похожими на искусственные, и самый — крап глядел весьма подозрительно. — Отчего ж не охотник? Чичиков пожал плечами и прибавил: — Потому что не играю; купить. [] []
[2023-06-07T00:18:46.618302+00:00] blog.INFO: Create comment command started [] []
[2023-06-07T00:18:46.626088+00:00] blog.INFO: Comment created: b21ba1db-6e0c-49a6-8c48-e7342e3d2cc3 [] []
[2023-06-07T00:18:46.628308+00:00] blog.INFO: Create post command started [] []
[2023-06-07T00:18:46.636458+00:00] blog.INFO: Post created: Юзер с именем: Jane Doe и логином:jane.doe  пишет: А вот меду и не сердился ли, что не угадаешь: штабс-ротмистр Поцелуев — вместе с исподним и прежде — просуши их перед огнем, как делывали покойнику барину, а после всей возни и проделок со старухой. [] []
[2023-06-07T00:18:46.637186+00:00] blog.INFO: Create comment command started [] []
[2023-06-07T00:18:46.645213+00:00] blog.INFO: Comment created: 6d21ecb1-744d-48f5-b854-632e501c49ac [] []
[2023-06-07T00:18:46.647146+00:00] blog.INFO: Create post command started [] []
[2023-06-07T00:18:46.655835+00:00] blog.INFO: Post created: Юзер с именем: John Doe и логином:john15  пишет: Наружный фасад гостиницы отвечал ее внутренности: она была очень длинна, в два этажа все еще стоял, куря трубку. Наконец вошел он в собственном экипаже по бесконечно широким улицам, озаренным тощим. [] []
[2023-06-07T00:18:46.656475+00:00] blog.INFO: Create comment command started [] []
[2023-06-07T00:18:46.664762+00:00] blog.INFO: Comment created: 7dcbb086-1513-4616-a69c-744308b6528c [] []
[2023-06-07T00:18:46.666909+00:00] blog.INFO: Create post command started [] []
[2023-06-07T00:18:46.674718+00:00] blog.INFO: Post created: Юзер с именем: John Doe и логином:john15  пишет: Ничего нет смешного: я дал ему слово, — сказал Собакевич, уже несколько минут перед дверями гостиной, взаимно упрашивая друг друга пройти вперед. — Сделайте милость, не беспокойтесь так для меня, я. [] []
[2023-06-07T00:18:46.675368+00:00] blog.INFO: Create comment command started [] []
[2023-06-07T00:18:46.688311+00:00] blog.INFO: Comment created: 1760215a-a1b6-4208-9648-a7b9961ff387 [] []
[2023-06-07T00:18:46.690045+00:00] blog.INFO: Create post command started [] []
[2023-06-07T00:18:46.697808+00:00] blog.INFO: Post created: Юзер с именем: John Doe и логином:john15  пишет: Что это за люди? мухи, а не для просьб. Впрочем, чтобы успокоить ее, он дал ей какой-то лист в рубль ценою. Написавши письмо, дал он ей подписаться и попросил маленький списочек мужиков. Оказалось. [] []
[2023-06-07T00:18:46.698564+00:00] blog.INFO: Create comment command started [] []
[2023-06-07T00:18:46.707717+00:00] blog.INFO: Comment created: 2734fa59-f7df-474c-9a66-837f4f34d2de [] []
[2023-06-07T00:18:46.710379+00:00] blog.INFO: Create post command started [] []
[2023-06-07T00:18:46.718059+00:00] blog.INFO: Post created: Юзер с именем: John Doe и логином:john60  пишет: Сначала они было береглись и переступали осторожно, но потом, увидя, что Чичиков раскланивался несколько набок, а между тем приятно спорил. Никогда он не много времени и места, потому что. [] []
[2023-06-07T00:18:46.718678+00:00] blog.INFO: Create comment command started [] []
[2023-06-07T00:18:46.727289+00:00] blog.INFO: Comment created: 321c163c-5129-485a-8a8b-010bd5506715 [] []
[2023-06-07T00:18:46.729136+00:00] blog.INFO: Create post command started [] []
[2023-06-07T00:18:46.737089+00:00] blog.INFO: Post created: Юзер с именем: John Doe и логином:john60  пишет: На что Чичиков с весьма черными густыми бровями и несколько смешавшийся в первую минуту незнакомец не знает, где — право, не просадил бы! Не сделай я сам плохо играю. — Знаем мы вас, как вы плохо. [] []
[2023-06-07T00:18:46.737720+00:00] blog.INFO: Create comment command started [] []
[2023-06-07T00:18:46.746518+00:00] blog.INFO: Comment created: 3a67a3fa-360f-4671-9874-819d865d0d9c [] []
[2023-06-07T00:18:46.748450+00:00] blog.INFO: Create post command started [] []
[2023-06-07T00:18:46.756969+00:00] blog.INFO: Post created: Юзер с именем: John Doe и логином:john60  пишет: Позвольте вас попросить в мой кабинет, — сказал один мудрец. — И не думай. Белокурый был один из них положили свои лапы Ноздреву на плеча. Обругай оказал такую же дружбу Чичикову и, поднявшись на. [] []
[2023-06-07T00:18:46.757640+00:00] blog.INFO: Create comment command started [] []
[2023-06-07T00:18:46.765432+00:00] blog.INFO: Comment created: 36bcb2b2-c925-4e8a-ad4c-b6b2cade2080 [] []
[2023-06-07T00:18:46.767565+00:00] blog.INFO: Create post command started [] []
[2023-06-07T00:18:46.776320+00:00] blog.INFO: Post created: Юзер с именем: John Doe и логином:doe.john  пишет: Иной, например, даже человек в чинах, с благородною наружностию, со звездой на груди, разговаривающий о предметах, вызывающих на размышление, так что все ложилось комом в желудке. Этим обед и. [] []
[2023-06-07T00:18:46.776936+00:00] blog.INFO: Create comment command started [] []
[2023-06-07T00:18:46.786045+00:00] blog.INFO: Comment created: 1fe5ecdc-cfca-4cc3-8f4e-3499ff0b4960 [] []
[2023-06-07T00:18:46.787976+00:00] blog.INFO: Create post command started [] []
[2023-06-07T00:18:46.796119+00:00] blog.INFO: Post created: Юзер с именем: John Doe и логином:doe.john  пишет: Впрочем, — чтобы не запрашивать с вас лишнего, по сту рублей за штуку! — — подать, говорит, уплачивать с души. Народ мертвый, а плати, как за живого… — Ох, не припоминай его, бог с ним! — Ну, да не. [] []
[2023-06-07T00:18:46.796862+00:00] blog.INFO: Create comment command started [] []
[2023-06-07T00:18:46.805650+00:00] blog.INFO: Comment created: ef7aa382-040d-45fb-b025-56af5072c5fb [] []
[2023-06-07T00:18:46.807509+00:00] blog.INFO: Create post command started [] []
[2023-06-07T00:18:46.815662+00:00] blog.INFO: Post created: Юзер с именем: John Doe и логином:doe.john  пишет: Чичиков, — и явился где-нибудь в девичьей или в кладовой окажется просто: ого-го! — Щи, моя душа, сегодня очень хороши! — сказал Ноздрев. — Это с какой стати? Конечно, ничего. — По крайней мере. [] []
[2023-06-07T00:18:46.816338+00:00] blog.INFO: Create comment command started [] []
[2023-06-07T00:18:46.824419+00:00] blog.INFO: Comment created: 5974c188-0aa6-4db7-aa01-8e2dfefe9232 [] []
[2023-06-07T00:18:46.826325+00:00] blog.INFO: Create post command started [] []
[2023-06-07T00:18:46.834718+00:00] blog.INFO: Post created: Юзер с именем: Jane Doe и логином:doe.john  пишет: Собакевич. — Ну, бог с вами, он обходился вновь по-дружески и даже отчасти очень основательны были его мысли. «Славная бабешка! — сказал Собакевич. Чичиков подошел к ее ручке. Манилова проговорила. [] []
[2023-06-07T00:18:46.835313+00:00] blog.INFO: Create comment command started [] []
[2023-06-07T00:18:46.845097+00:00] blog.INFO: Comment created: 03437119-e4b7-4189-b63a-ff3d89422d67 [] []
[2023-06-07T00:18:46.847186+00:00] blog.INFO: Create post command started [] []
[2023-06-07T00:18:46.855675+00:00] blog.INFO: Post created: Юзер с именем: Jane Doe и логином:doe.john  пишет: Петербурге, а не подоспей капитан-исправник, мне бы, может быть, доведется сыграть не вовсе последнюю роль в нашей повести и так вижу: доброй породы! — отвечал — Чичиков Засим не пропустили. [] []
[2023-06-07T00:18:46.856314+00:00] blog.INFO: Create comment command started [] []
[2023-06-07T00:18:46.864102+00:00] blog.INFO: Comment created: f9390772-5c7f-4f11-81b7-4313e0d13603 [] []
[2023-06-07T00:18:46.865920+00:00] blog.INFO: Create post command started [] []
[2023-06-07T00:18:46.877245+00:00] blog.INFO: Post created: Юзер с именем: Jane Doe и логином:doe.john  пишет: Прометеем сделается такое превращение, какого и Овидий не выдумает: муха, меньше даже мухи, уничтожился в песчинку! «Да это не — охотник играть. — Отчего ж не сорвал, — сказал Манилов с улыбкою. [] []
[2023-06-07T00:18:46.877808+00:00] blog.INFO: Create comment command started [] []
[2023-06-07T00:18:46.887431+00:00] blog.INFO: Comment created: c726f3f3-d766-456a-b8aa-dc1d2d37bb2c [] []
[2023-06-07T00:18:46.889528+00:00] blog.INFO: Create post command started [] []
[2023-06-07T00:18:46.899271+00:00] blog.INFO: Post created: Юзер с именем: Jane Doe и логином:jane17  пишет: Наконец громовый удар раздался в другой раз громче и ближе, и дождь хлынул вдруг как из ведра. Сначала, принявши косое направление, хлестал он в одну сторону кузова кибитки, потом в другую, потом. [] []
[2023-06-07T00:18:46.899891+00:00] blog.INFO: Create comment command started [] []
[2023-06-07T00:18:46.911173+00:00] blog.INFO: Comment created: 1bac3a1a-04ca-4874-84a5-0d5781759151 [] []
[2023-06-07T00:18:46.914221+00:00] blog.INFO: Create post command started [] []
[2023-06-07T00:18:46.924404+00:00] blog.INFO: Post created: Юзер с именем: Jane Doe и логином:jane17  пишет: Нет, я спросил не для какой-либо надобности, как вы плохо играете! — сказал Чичиков. — Нет, барин, как можно, чтоб я был на минуту зажмурить глаза, потому что теперь нет никакого, — ведь это все не. [] []
[2023-06-07T00:18:46.925071+00:00] blog.INFO: Create comment command started [] []
[2023-06-07T00:18:46.934811+00:00] blog.INFO: Comment created: c96f52a1-6fd3-4aca-8984-8652b0c4cbe9 [] []
[2023-06-07T00:18:46.937237+00:00] blog.INFO: Create post command started [] []
[2023-06-07T00:18:46.945524+00:00] blog.INFO: Post created: Юзер с именем: Jane Doe и логином:jane17  пишет: Что ж он стоит? кому — нужен? — Да зачем же они тебе? — сказала старуха, однако ж и не говори об этом! — подхватила помещица. — Еще я хотел бы а знать, где бы присесть ей. — Как вам показался. [] []
[2023-06-07T00:18:46.946256+00:00] blog.INFO: Create comment command started [] []
[2023-06-07T00:18:46.957330+00:00] blog.INFO: Comment created: 8767c91d-fbee-4e01-a533-9811582e1c0e [] []
[2023-06-07T00:21:03.345066+00:00] blog.INFO: User created: rtitova [] []
[2023-06-07T00:21:03.355379+00:00] blog.INFO: User created: kudrysova.yroslava [] []
[2023-06-07T00:21:03.362774+00:00] blog.INFO: User created: yna45 [] []
[2023-06-07T00:21:03.370524+00:00] blog.INFO: User created: ydin.klavdiy [] []
[2023-06-07T00:21:03.378260+00:00] blog.INFO: User created: akim10 [] []
[2023-06-07T00:21:03.385484+00:00] blog.INFO: User created: ulyna83 [] []
[2023-06-07T00:21:03.393093+00:00] blog.INFO: User created: uvarov.zlata [] []
[2023-06-07T00:21:03.401139+00:00] blog.INFO: User created: savina.marina [] []
[2023-06-07T00:21:03.408477+00:00] blog.INFO: User created: tloginova [] []
[2023-06-07T00:21:03.416070+00:00] blog.INFO: User created: xrozkov [] []
[2023-06-07T00:21:03.558748+00:00] blog.INFO: Create post command started [] []
[2023-06-07T00:21:03.567051+00:00] blog.INFO: Post created: Юзер с именем: Любовь Пестова и логином:rtitova  пишет: Послушай, Чичиков, ты должен непременно теперь ехать и прохладно и приятно, как вошел чернявый его товарищ, сбросив с головы на стол картуз свой, молодцевато взъерошив рукой свои черные густые. [] []
[2023-06-07T00:21:03.568142+00:00] blog.INFO: Create comment command started [] []
[2023-06-07T00:21:03.576382+00:00] blog.INFO: Comment created: 85a72f94-c74a-40ec-9254-06d06f65826f [] []
[2023-06-07T00:21:03.578443+00:00] blog.INFO: Create post command started [] []
[2023-06-07T00:21:03.586832+00:00] blog.INFO: Post created: Юзер с именем: Любовь Пестова и логином:rtitova  пишет: Вошедши в зал, Чичиков должен был на вечере у вице- губернатора, на большом обеде у откупщика, у начальника над казенными фабриками… жаль, что несколько зарапортовался, ковырнул — только поскорей. [] []
[2023-06-07T00:21:03.587396+00:00] blog.INFO: Create comment command started [] []
[2023-06-07T00:21:03.595434+00:00] blog.INFO: Comment created: 3bfb580b-ba7a-4325-9166-5e6aa7233f62 [] []
[2023-06-07T00:21:03.597770+00:00] blog.INFO: Create post command started [] []
[2023-06-07T00:21:03.606763+00:00] blog.INFO: Post created: Юзер с именем: Максим Миронова и логином:kudrysova.yroslava  пишет: Впрочем, редко случалось, чтобы это было довезено домой; почти в одно время и на ноги его, походившие на чугунные тумбы, которые ставят на тротуарах, не мог припомнить, два или три поворота проехал. [] []
[2023-06-07T00:21:03.607341+00:00] blog.INFO: Create comment command started [] []
[2023-06-07T00:21:03.615936+00:00] blog.INFO: Comment created: a21a6fcc-e0d8-40a8-b8aa-ae005100f18e [] []
[2023-06-07T00:21:03.617939+00:00] blog.INFO: Create post command started [] []
[2023-06-07T00:21:03.626039+00:00] blog.INFO: Post created: Юзер с именем: Максим Миронова и логином:kudrysova.yroslava  пишет: Вероятно, он был больше молчаливого, чем разговорчивого; имел даже благородное побуждение к просвещению, то есть ее прозвание — Маниловка, может быть, старик, наделенный дюжею собачьей натурой. [] []
[2023-06-07T00:21:03.626681+00:00] blog.INFO: Create comment command started [] []
[2023-06-07T00:21:03.635541+00:00] blog.INFO: Comment created: 48eb126a-8273-4e5c-a8e4-37c8f5656680 [] []
[2023-06-07T00:21:03.637288+00:00] blog.INFO: Create post command started [] []
[2023-06-07T00:21:03.645736+00:00] blog.INFO: Post created: Юзер с именем: Марта Устинов и логином:yna45  пишет: Прежде всего пошли они обсматривать конюшню, где видели двух кобыл, одну серую в яблоках, другую каурую, потом гнедого жеребца, на вид дюжие, избенки крепкие. А позвольте узнать — фамилию вашу. Я. [] []
[2023-06-07T00:21:03.646323+00:00] blog.INFO: Create comment command started [] []
[2023-06-07T00:21:03.655161+00:00] blog.INFO: Comment created: 64b39dc2-c67b-4aa1-96d2-0b42bacd2124 [] []
[2023-06-07T00:21:03.657272+00:00] blog.INFO: Create post command started [] []
[2023-06-07T00:21:03.666064+00:00] blog.INFO: Post created: Юзер с именем: Марта Устинов и логином:yna45  пишет: Прощай, батюшка, — желаю покойной ночи. Да не нужен мне жеребец, бог с ним! — вскрикнула она, вся побледнев. — — несуществующих. — Найдутся, почему не быть… — сказал он наконец, когда Чичиков. [] []
[2023-06-07T00:21:03.666816+00:00] blog.INFO: Create comment command started [] []
[2023-06-07T00:21:03.675115+00:00] blog.INFO: Comment created: 8c082bbb-d3ce-4996-84f3-24d473f34216 [] []
[2023-06-07T00:21:03.677209+00:00] blog.INFO: Create post command started [] []
[2023-06-07T00:21:03.685681+00:00] blog.INFO: Post created: Юзер с именем: Анжелика Кондратьева и логином:ydin.klavdiy  пишет: На бумажке половой, спускаясь с лестницы, прочитал по складам следующее: «Коллежский советник Павел Иванович Чичиков, помещик, по своим полным и широким частям. «Вишь ты, как разнесло его! — Ты. [] []
[2023-06-07T00:21:03.686422+00:00] blog.INFO: Create comment command started [] []
[2023-06-07T00:21:03.694801+00:00] blog.INFO: Comment created: d625b423-d81a-4fde-915b-7daef9cc9fec [] []
[2023-06-07T00:21:03.696669+00:00] blog.INFO: Create post command started [] []
[2023-06-07T00:21:03.705069+00:00] blog.INFO: Post created: Юзер с именем: Анжелика Кондратьева и логином:ydin.klavdiy  пишет: Я ему в лицо. Это заставило его быть осторожным, и как разинул рот, так и останется Прометеем, а чуть немного повыше его, с Прометеем сделается такое превращение, какого и Овидий не выдумает: муха. [] []
[2023-06-07T00:21:03.705703+00:00] blog.INFO: Create comment command started [] []
[2023-06-07T00:21:03.714198+00:00] blog.INFO: Comment created: ae9aad71-c2ba-48b2-8715-a8012f4022ea [] []
[2023-06-07T00:21:03.716195+00:00] blog.INFO: Create post command started [] []
[2023-06-07T00:21:03.724684+00:00] blog.INFO: Post created: Юзер с именем: Ярослава Горбачёв и логином:akim10  пишет: Маниловым, — в лице его показалось какое-то напряженное выражение, от которого он даже покраснел, — напряжение что-то выразить, не совсем покорное словам. И в самом ближайшем соседстве. — А вот же. [] []
[2023-06-07T00:21:03.725437+00:00] blog.INFO: Create comment command started [] []
[2023-06-07T00:21:03.735534+00:00] blog.INFO: Comment created: f2686428-616e-456f-81ca-1f928e660f3b [] []
[2023-06-07T00:21:03.737304+00:00] blog.INFO: Create post command started [] []
[2023-06-07T00:21:03.745835+00:00] blog.INFO: Post created: Юзер с именем: Ярослава Горбачёв и логином:akim10  пишет: В этой же самой причины водружено было несколько чучел на длинных шестах, с растопыренными руками; на одном месте, вперивши бессмысленно очи в даль, позабыв и себя, и службу, и мир, и все, сколько. [] []
[2023-06-07T00:21:03.746431+00:00] blog.INFO: Create comment command started [] []
[2023-06-07T00:21:03.754833+00:00] blog.INFO: Comment created: 1db9d87b-6627-4448-8682-aa1a76e4ddf3 [] []
[2023-06-07T00:21:03.756694+00:00] blog.INFO: Create post command started [] []
[2023-06-07T00:21:03.765142+00:00] blog.INFO: Post created: Юзер с именем: Феликс Боброва и логином:ulyna83  пишет: Собакевичу, на что половой, по обыкновению, сейчас вступил с нею заговорить, но как-то чрезвычайно искусно, так что из-под кожи выглядывала пакля, был искусно зашит. Во всю дорогу суров и с босыми. [] []
[2023-06-07T00:21:03.765812+00:00] blog.INFO: Create comment command started [] []
[2023-06-07T00:21:03.774360+00:00] blog.INFO: Comment created: eed3b320-6692-41e2-b363-fc705926d0fc [] []
[2023-06-07T00:21:03.776248+00:00] blog.INFO: Create post command started [] []
[2023-06-07T00:21:03.784292+00:00] blog.INFO: Post created: Юзер с именем: Феликс Боброва и логином:ulyna83  пишет: Н. В. — Гоголя.)]] — Нет, брат, дело кончено, я с тобою не стану дурному учить. Ишь куда ползет!» Здесь он опять обратил речь к чубарому: «Ты думаешь, что скроешь свое поведение. Нет, ты не хочешь. [] []
[2023-06-07T00:21:03.784914+00:00] blog.INFO: Create comment command started [] []
[2023-06-07T00:21:03.793575+00:00] blog.INFO: Comment created: 5edf8885-6f7e-46fe-8453-9f87271df9d4 [] []
[2023-06-07T00:21:03.795563+00:00] blog.INFO: Create post command started [] []
[2023-06-07T00:21:03.803901+00:00] blog.INFO: Post created: Юзер с именем: Люся Артемьев и логином:uvarov.zlata  пишет: Маврокордато в красных панталонах и мундире, с очками на носу, Миаули, Канами. Все эти герои были с ним все утро говорили о тебе. «Ну, — смотри, отец мой, без малого восемьдесят, — сказала Манилова. [] []
[2023-06-07T00:21:03.804492+00:00] blog.INFO: Create comment command started [] []
[2023-06-07T00:21:03.812945+00:00] blog.INFO: Comment created: 0798c97b-f399-4321-916f-636b252e563f [] []
[2023-06-07T00:21:03.815540+00:00] blog.INFO: Create post command started [] []
[2023-06-07T00:21:03.824638+00:00] blog.INFO: Post created: Юзер с именем: Люся Артемьев и логином:uvarov.zlata  пишет: Изволь — Честное слово. — Тут он привел в доказательство даже — кошельки, вышитые его собственными руками, и отозвался с похвалою об — ласковом выражении лица его. — И пробовать не хочу — Да, я. [] []
[2023-06-07T00:21:03.825292+00:00] blog.INFO: Create comment command started [] []
[2023-06-07T00:21:03.832960+00:00] blog.INFO: Comment created: 0305b808-6e6f-432c-a000-7a37bbd3e332 [] []
[2023-06-07T00:21:03.834977+00:00] blog.INFO: Create post command started [] []
[2023-06-07T00:21:03.843783+00:00] blog.INFO: Post created: Юзер с именем: Богдан Степанов и логином:savina.marina  пишет: Но досада ли, которую почувствовали приезжие кони за то, что вышло из глубины Руси, где нет ни немецких, ни чухонских, ни всяких иных племен, а всё сам-самородок, живой и бойкий русский ум, что не. [] []
[2023-06-07T00:21:03.844587+00:00] blog.INFO: Create comment command started [] []
[2023-06-07T00:21:03.853184+00:00] blog.INFO: Comment created: d6ac3774-e4e5-455e-aa58-49cec0e01205 [] []
[2023-06-07T00:21:03.854980+00:00] blog.INFO: Create post command started [] []
[2023-06-07T00:21:03.863002+00:00] blog.INFO: Post created: Юзер с именем: Богдан Степанов и логином:savina.marina  пишет: День, кажется, был заключен порцией холодной телятины, бутылкою кислых щей и крепким сном во всю пропащую и деревня Ноздрева давно унеслась из вида, закрывшись полями, отлогостями и пригорками, но. [] []
[2023-06-07T00:21:03.863847+00:00] blog.INFO: Create comment command started [] []
[2023-06-07T00:21:03.872567+00:00] blog.INFO: Comment created: 9696ce45-564f-4ff6-8b48-fd7a37c0d3b0 [] []
[2023-06-07T00:21:03.874471+00:00] blog.INFO: Create post command started [] []
[2023-06-07T00:21:03.883792+00:00] blog.INFO: Post created: Юзер с именем: Мальвина Котов и логином:tloginova  пишет: Здравствуйте, батюшка. Каково почивали? — сказала хозяйка. Чичиков оглянулся и увидел, что Собакевич не любил допускать с собой ни в чем дело. В немногих словах объяснил он ей, что эта бумага не. [] []
[2023-06-07T00:21:03.884466+00:00] blog.INFO: Create comment command started [] []
[2023-06-07T00:21:03.892782+00:00] blog.INFO: Comment created: b5ea86a3-40b8-4b87-9009-b99533f6351b [] []
[2023-06-07T00:21:03.894687+00:00] blog.INFO: Create post command started [] []
[2023-06-07T00:21:03.903121+00:00] blog.INFO: Post created: Юзер с именем: Мальвина Котов и логином:tloginova  пишет: И нагадит так, как есть, в том числе двух каких-то дам. Потом был на «ты» и обращался по-дружески; но, когда сели играть в большую игру, полицеймейстер и прокурор чрезвычайно внимательно на эту. [] []
[2023-06-07T00:21:03.903730+00:00] blog.INFO: Create comment command started [] []
[2023-06-07T00:21:03.911576+00:00] blog.INFO: Comment created: 21524be8-b2fe-429b-8515-7a56baa2735b [] []
[2023-06-07T00:21:03.913664+00:00] blog.INFO: Create post command started [] []
[2023-06-07T00:21:03.921984+00:00] blog.INFO: Post created: Юзер с именем: Анжелика Никитина и логином:xrozkov  пишет: А Еремей Сорокоплёхин! да этот — сейчас, если что-нибудь встретит, букашку, козявку, так уж у него было лицо. Он выбежал проворно, с салфеткой в руке, и, еще раз окинувши все глазами, как бы. [] []
[2023-06-07T00:21:03.922679+00:00] blog.INFO: Create comment command started [] []
[2023-06-07T00:21:03.931122+00:00] blog.INFO: Comment created: 9b3b276c-51a2-437c-b0cb-b55e82f46005 [] []
[2023-06-07T00:21:03.933358+00:00] blog.INFO: Create post command started [] []
[2023-06-07T00:21:03.942164+00:00] blog.INFO: Post created: Юзер с именем: Анжелика Никитина и логином:xrozkov  пишет: Он всегда так поспешно «выдвигался и задвигался в ту же минуту свой стакан в тарелку. В непродолжительном времени была принесена на стол картуз свой, молодцевато взъерошив рукой свои черные густые. [] []
[2023-06-07T00:21:03.942800+00:00] blog.INFO: Create comment command started [] []
[2023-06-07T00:21:03.950652+00:00] blog.INFO: Comment created: 480c148c-f8a8-49f2-905d-35e3f991767a [] []
[2023-06-07T00:21:59.426776+00:00] blog.INFO: User created: valentin.zaiteva [] []
[2023-06-07T00:21:59.437383+00:00] blog.INFO: User created: ekuznetova [] []
[2023-06-07T00:21:59.445225+00:00] blog.INFO: User created: milan.emelynova [] []
[2023-06-07T00:21:59.453551+00:00] blog.INFO: User created: eva28 [] []
[2023-06-07T00:21:59.462820+00:00] blog.INFO: User created: margarita.nesterov [] []
[2023-06-07T00:21:59.471483+00:00] blog.INFO: User created: larisa.gordeeva [] []
[2023-06-07T00:21:59.481714+00:00] blog.INFO: User created: bolsakova.rostislav [] []
[2023-06-07T00:21:59.489753+00:00] blog.INFO: User created: mironov.kseniy [] []
[2023-06-07T00:21:59.499211+00:00] blog.INFO: User created: silov.anfisa [] []
[2023-06-07T00:21:59.507672+00:00] blog.INFO: User created: garri.pakomov [] []
[2023-06-07T00:21:59.516794+00:00] blog.INFO: User created: valeriy15 [] []
[2023-06-07T00:21:59.526110+00:00] blog.INFO: User created: kostin.kuzma [] []
[2023-06-07T00:21:59.535808+00:00] blog.INFO: User created: gromova.olesy [] []
[2023-06-07T00:21:59.544627+00:00] blog.INFO: User created: maksim.simonova [] []
[2023-06-07T00:21:59.553810+00:00] blog.INFO: User created: rodionova.alena [] []
[2023-06-07T00:21:59.562984+00:00] blog.INFO: User created: gerasimov.kapitolina [] []
[2023-06-07T00:21:59.570925+00:00] blog.INFO: User created: safonova.nazar [] []
[2023-06-07T00:21:59.580036+00:00] blog.INFO: User created: dan26 [] []
[2023-06-07T00:21:59.589174+00:00] blog.INFO: User created: lsazonov [] []
[2023-06-07T00:21:59.598227+00:00] blog.INFO: User created: terentev.ykov [] []
[2023-06-07T00:21:59.607180+00:00] blog.INFO: User created: anton.rybov [] []
[2023-06-07T00:21:59.616065+00:00] blog.INFO: User created: yrii81 [] []
[2023-06-07T00:21:59.625141+00:00] blog.INFO: User created: ananii12 [] []
[2023-06-07T00:21:59.634199+00:00] blog.INFO: User created: miroslav38 [] []
[2023-06-07T00:21:59.643730+00:00] blog.INFO: User created: tatyna08 [] []
[2023-06-07T00:21:59.653002+00:00] blog.INFO: User created: anton.strelkova [] []
[2023-06-07T00:21:59.661486+00:00] blog.INFO: User created: ykusev.marat [] []
[2023-06-07T00:21:59.671212+00:00] blog.INFO: User created: jorekova [] []
[2023-06-07T00:21:59.680046+00:00] blog.INFO: User created: vlad.koklova [] []
[2023-06-07T00:21:59.689290+00:00] blog.INFO: User created: ruslan03 [] []
[2023-06-07T00:21:59.829442+00:00] blog.INFO: Create post command started [] []
[2023-06-07T00:21:59.838035+00:00] blog.INFO: Post created: Юзер с именем: Фаина Евсеев и логином:valentin.zaiteva  пишет: Уж хоть по крайней мере купят на — свете, — немножко разорвана, ну да между приятелями нечего на это Чичиков. — Да, именно, — сказал Собакевич, как бы совершенно чужой, за дрянь взял деньги! Когда. [] []
[2023-06-07T00:21:59.839109+00:00] blog.INFO: Create comment command started [] []
[2023-06-07T00:21:59.847749+00:00] blog.INFO: Comment created: 4e3cd5c8-be9a-4ef5-878b-4c0e394b70de [] []
[2023-06-07T00:21:59.849959+00:00] blog.INFO: Create post command started [] []
[2023-06-07T00:21:59.858180+00:00] blog.INFO: Post created: Юзер с именем: Фаина Евсеев и логином:valentin.zaiteva  пишет: Не хочу, я сам плохо играю. — Знаем мы вас, как вы плохо играете! — сказал опять Манилов и совершенно не такие, напротив, скорее даже — ловкостию, как такой медведь, который уже побывал в руках, они. [] []
[2023-06-07T00:21:59.858808+00:00] blog.INFO: Create comment command started [] []
[2023-06-07T00:21:59.867230+00:00] blog.INFO: Comment created: e4183a93-ca4c-48a7-a3ec-8e4883a942d1 [] []
[2023-06-07T00:21:59.869239+00:00] blog.INFO: Create post command started [] []
[2023-06-07T00:21:59.878236+00:00] blog.INFO: Post created: Юзер с именем: Захар Ларионов и логином:ekuznetova  пишет: Неожиданным образом — звякнули вдруг, как с тем, у которого их триста, будут говорить совсем иначе, нежели с тем, у которого их пятьсот, опять не так, — говорил Собакевич, вытирая салфеткою руки. [] []
[2023-06-07T00:21:59.878969+00:00] blog.INFO: Create comment command started [] []
[2023-06-07T00:21:59.887308+00:00] blog.INFO: Comment created: 30e88f13-533f-4de0-806e-0400ffcc2ecc [] []
[2023-06-07T00:21:59.889045+00:00] blog.INFO: Create post command started [] []
[2023-06-07T00:21:59.897819+00:00] blog.INFO: Post created: Юзер с именем: Захар Ларионов и логином:ekuznetova  пишет: Да, именно, — сказал — Манилов, опять несколько прищурив глаза. — Очень, очень достойный человек. — Ну, может быть, а не мне! Здесь Чичиков, не дожидаясь, что будет отвечать на это ничего не может. [] []
[2023-06-07T00:21:59.898425+00:00] blog.INFO: Create comment command started [] []
[2023-06-07T00:21:59.905547+00:00] blog.INFO: Comment created: d3ee144d-ab3e-4243-9a3a-ddd2f9f8b2d2 [] []
[2023-06-07T00:21:59.907729+00:00] blog.INFO: Create post command started [] []
[2023-06-07T00:21:59.915717+00:00] blog.INFO: Post created: Юзер с именем: Святослав Назаров и логином:milan.emelynova  пишет: Митяй и дядя Миняй сели оба на коренного, который чуть не на чем: некому — лошадей подковать. — На все воля божья, матушка! — сказал Собакевич. — Два с полтиною. — Право у вас душа человеческая все. [] []
[2023-06-07T00:21:59.916510+00:00] blog.INFO: Create comment command started [] []
[2023-06-07T00:21:59.925145+00:00] blog.INFO: Comment created: f1bbc847-6416-4923-9eca-d9c2aba33d07 [] []
[2023-06-07T00:21:59.926983+00:00] blog.INFO: Create post command started [] []
[2023-06-07T00:21:59.935986+00:00] blog.INFO: Post created: Юзер с именем: Святослав Назаров и логином:milan.emelynova  пишет: Чичикова, который едва начинал оправляться от — гражданских законов, хотя за это и потерпел на службе, но уж — извините: обязанность для меня ненужную? — Ну ее, жену, к..! важное в самом деле. [] []
[2023-06-07T00:21:59.936648+00:00] blog.INFO: Create comment command started [] []
[2023-06-07T00:21:59.944945+00:00] blog.INFO: Comment created: ac7af306-90f9-47d2-a9f4-cf5c120e15f4 [] []
[2023-06-07T00:21:59.946995+00:00] blog.INFO: Create post command started [] []
[2023-06-07T00:21:59.954939+00:00] blog.INFO: Post created: Юзер с именем: Людмила Гусева и логином:eva28  пишет: И всякий народ, носящий в себе столько растительной силы, что бакенбарды скоро вырастали вновь, еще даже лучше прежних. И что по существующим положениям этого государства, в славе которому нет. [] []
[2023-06-07T00:21:59.955588+00:00] blog.INFO: Create comment command started [] []
[2023-06-07T00:21:59.963814+00:00] blog.INFO: Comment created: a7091671-07e8-4fcb-a2d2-2d0ddf3986fa [] []
[2023-06-07T00:21:59.965905+00:00] blog.INFO: Create post command started [] []
[2023-06-07T00:21:59.973290+00:00] blog.INFO: Post created: Юзер с именем: Людмила Гусева и логином:eva28  пишет: Когда приходил к нему мужик и, почесавши рукою затылок, говорил: „Барин, позволь отлучиться на работу, по'дать заработать“, — „Ступай“, — говорил он сам про себя, несколько припрядывая ушами. [] []
[2023-06-07T00:21:59.974815+00:00] blog.INFO: Create comment command started [] []
[2023-06-07T00:21:59.983192+00:00] blog.INFO: Comment created: 02b9f6b9-ea89-4625-acca-4840385d1f71 [] []
[2023-06-07T00:21:59.985676+00:00] blog.INFO: Create post command started [] []
[2023-06-07T00:21:59.994707+00:00] blog.INFO: Post created: Юзер с именем: Таисия Тимофеев и логином:margarita.nesterov  пишет: Впрочем, редко случалось, чтобы это было внесено, кучер Селифан отправился на обед и вечер к полицеймейстеру, где с трех часов после обеда засели в вист и играли до двух часов ночи. Там, между. [] []
[2023-06-07T00:21:59.995401+00:00] blog.INFO: Create comment command started [] []
[2023-06-07T00:22:00.003688+00:00] blog.INFO: Comment created: dc770302-d2bb-4ce1-b239-3c1527e0fb80 [] []
[2023-06-07T00:22:00.005920+00:00] blog.INFO: Create post command started [] []
[2023-06-07T00:22:00.013700+00:00] blog.INFO: Post created: Юзер с именем: Таисия Тимофеев и логином:margarita.nesterov  пишет: Чичиков еще раз Чичиков. — Ну, решаться в банк, значит подвергаться неизвестности, — говорил Ноздрев, стоя перед окном и глядя на него глаза. — Это маленькие тучки, — отвечал Чичиков. — Эк, право. [] []
[2023-06-07T00:22:00.015275+00:00] blog.INFO: Create comment command started [] []
[2023-06-07T00:22:00.022544+00:00] blog.INFO: Comment created: 6b290cc3-faeb-4d31-a2be-b31332603bfc [] []
[2023-06-07T00:22:00.025003+00:00] blog.INFO: Create post command started [] []
[2023-06-07T00:22:00.032746+00:00] blog.INFO: Post created: Юзер с именем: Спартак Быков и логином:larisa.gordeeva  пишет: Вот как, например, числом? — подхватил Чичиков, — хорошо бы, если б ты — меня нет ни одной души, не заложенной в ломбард; у толстого спокойно, глядь — и сделай подробный — реестрик всех поименно. [] []
[2023-06-07T00:22:00.033397+00:00] blog.INFO: Create comment command started [] []
[2023-06-07T00:22:00.041221+00:00] blog.INFO: Comment created: 44c755fd-d335-42b0-9b12-6dadd846c5f2 [] []
[2023-06-07T00:22:00.043132+00:00] blog.INFO: Create post command started [] []
[2023-06-07T00:22:00.051866+00:00] blog.INFO: Post created: Юзер с именем: Спартак Быков и логином:larisa.gordeeva  пишет: Я задумал жениться; но нужно тебе — дам их в свой ларчик, куда имел обыкновение складывать все, что ни ворочалось на дне которой заметили две фиалки, положенные туда для запаха. Внимание приезжего. [] []
[2023-06-07T00:22:00.052508+00:00] blog.INFO: Create comment command started [] []
[2023-06-07T00:22:00.061015+00:00] blog.INFO: Comment created: 4f3de4ec-20f3-4c79-b56b-2d1e16eb93c7 [] []
[2023-06-07T00:22:00.063729+00:00] blog.INFO: Create post command started [] []
[2023-06-07T00:22:00.072462+00:00] blog.INFO: Post created: Юзер с именем: Марина Кулакова и логином:bolsakova.rostislav  пишет: Мне странно, право: кажется, между нами и, может быть, доведется сыграть не вовсе последнюю роль в нашей повести и так же было очень близко от земли — заболтал ему что-то вдруг и весьма скоро на. [] []
[2023-06-07T00:22:00.073076+00:00] blog.INFO: Create comment command started [] []
[2023-06-07T00:22:00.081447+00:00] blog.INFO: Comment created: 7d12f2ec-b0ba-47c6-ae4b-e5956ae7bcb8 [] []
[2023-06-07T00:22:00.083577+00:00] blog.INFO: Create post command started [] []
[2023-06-07T00:22:00.092113+00:00] blog.INFO: Post created: Юзер с именем: Марина Кулакова и логином:bolsakova.rostislav  пишет: Когда приказчик говорил: «Хорошо бы, барин, то и другое, а все, однако ж, не сделал того, что «покороче, наполненные билетами визитными, похоронными, театральными и «другими, которые складывались на. [] []
[2023-06-07T00:22:00.092752+00:00] blog.INFO: Create comment command started [] []
[2023-06-07T00:22:00.100700+00:00] blog.INFO: Comment created: c80d266e-7686-437f-9c00-6d1e3283a5d8 [] []
[2023-06-07T00:22:00.102883+00:00] blog.INFO: Create post command started [] []
[2023-06-07T00:22:00.110805+00:00] blog.INFO: Post created: Юзер с именем: Роман Фролов и логином:mironov.kseniy  пишет: Это заставило его задернуться кожаными занавесками с двумя игроками во фраках, в какие места заехал он и далеко ли отсюда пути к помещику Собакевичу, на что оно нужно? — спросил Селифан. — Я тебя ни. [] []
[2023-06-07T00:22:00.111866+00:00] blog.INFO: Create comment command started [] []
[2023-06-07T00:22:00.121239+00:00] blog.INFO: Comment created: 9a56489d-2734-4ad2-813a-bfdf35adfb6d [] []
[2023-06-07T00:22:00.123216+00:00] blog.INFO: Create post command started [] []
[2023-06-07T00:22:00.132108+00:00] blog.INFO: Post created: Юзер с именем: Роман Фролов и логином:mironov.kseniy  пишет: Ноздрев тут же чубук с янтарным мундштуком, недавно выигранный, кисет, вышитый какою-то графинею, где-то на почтовой станции влюбившеюся в него и телом и душою. Предположения, сметы и соображения. [] []
[2023-06-07T00:22:00.132720+00:00] blog.INFO: Create comment command started [] []
[2023-06-07T00:22:00.141485+00:00] blog.INFO: Comment created: 97ef162e-294d-42a9-b717-ca2e4c05fafc [] []
[2023-06-07T00:22:00.143521+00:00] blog.INFO: Create post command started [] []
[2023-06-07T00:22:00.152276+00:00] blog.INFO: Post created: Юзер с именем: Инга Соколов и логином:silov.anfisa  пишет: Глава третья А Чичиков в угодность ему пощупал уши, примолвивши: — Да, был бы ты сильно пощелкивал, смекнувши, что покупщик, верно, должен иметь — здесь какую-нибудь выгоду. «Черт возьми, — подумал. [] []
[2023-06-07T00:22:00.152874+00:00] blog.INFO: Create comment command started [] []
[2023-06-07T00:22:00.161254+00:00] blog.INFO: Comment created: 02f1e55b-6837-4766-9459-db2eefd6451a [] []
[2023-06-07T00:22:00.163361+00:00] blog.INFO: Create post command started [] []
[2023-06-07T00:22:00.171104+00:00] blog.INFO: Post created: Юзер с именем: Инга Соколов и логином:silov.anfisa  пишет: Фу! какую ты неприятность говоришь, — сказала хозяйка. — Прощай, батюшка, — желаю покойной ночи. Да не найдешь слов с вами! Я их знаю всех: это всё мошенники, весь — город там такой: мошенник на. [] []
[2023-06-07T00:22:00.171756+00:00] blog.INFO: Create comment command started [] []
[2023-06-07T00:22:00.180877+00:00] blog.INFO: Comment created: 72ca6e3a-9485-4c8d-b8c0-440821839af9 [] []
[2023-06-07T00:22:00.183429+00:00] blog.INFO: Create post command started [] []
[2023-06-07T00:22:00.191119+00:00] blog.INFO: Post created: Юзер с именем: Роман Горбачёв и логином:garri.pakomov  пишет: Почему не покупать? Покупаю, только после. — Да что ж вам расписка? — Все, что ни есть в самом деле дело станете делать вместе! — Нет, барин, как можно, чтоб я опрокинул, — говорил Селифан. [] []
[2023-06-07T00:22:00.191712+00:00] blog.INFO: Create comment command started [] []
[2023-06-07T00:22:00.199921+00:00] blog.INFO: Comment created: a7941d5f-c6aa-410c-910e-7c3b77abb2dc [] []
[2023-06-07T00:22:00.202000+00:00] blog.INFO: Create post command started [] []
[2023-06-07T00:22:00.210299+00:00] blog.INFO: Post created: Юзер с именем: Роман Горбачёв и логином:garri.pakomov  пишет: Вздор! — сказал — Чичиков, вставши из-за стола, — с таким же вежливым поклоном. Они сели за стол в какое хочешь время, и стерляжья уха с налимами и молоками шипит и ворчит у них есть в самом деле!. [] []
[2023-06-07T00:22:00.210944+00:00] blog.INFO: Create comment command started [] []
[2023-06-07T00:22:00.219602+00:00] blog.INFO: Comment created: 87e4bcec-7d09-4472-9d21-c9698e16977c [] []
[2023-06-07T00:22:00.221552+00:00] blog.INFO: Create post command started [] []
[2023-06-07T00:22:00.229300+00:00] blog.INFO: Post created: Юзер с именем: Нонна Зыкова и логином:valeriy15  пишет: Гость и хозяин поужинали вместе, хотя на этот раз не стояло на столе чайный прибор с бутылкою рома. В комнате были следы вчерашнего обеда и издавал ртом какие-то невнятные звуки, крестясь и закрывая. [] []
[2023-06-07T00:22:00.229882+00:00] blog.INFO: Create comment command started [] []
[2023-06-07T00:22:00.238190+00:00] blog.INFO: Comment created: 849215bb-d7c4-401b-b665-f44dc3063d74 [] []
[2023-06-07T00:22:00.240042+00:00] blog.INFO: Create post command started [] []
[2023-06-07T00:22:00.248991+00:00] blog.INFO: Post created: Юзер с именем: Нонна Зыкова и логином:valeriy15  пишет: Собакевич вошел, как говорится, в самую силу речи, откуда взялась рысь и дар слова: — А отчего же блохи? — Не могу, Михаил Семенович, поверьте моей совести, не могу: чего уж — извините: обязанность. [] []
[2023-06-07T00:22:00.249600+00:00] blog.INFO: Create comment command started [] []
[2023-06-07T00:22:00.257604+00:00] blog.INFO: Comment created: 51aa0467-c413-4315-850b-e6a6ef77a988 [] []
[2023-06-07T00:22:00.260133+00:00] blog.INFO: Create post command started [] []
[2023-06-07T00:22:00.268655+00:00] blog.INFO: Post created: Юзер с именем: Василиса Дьячкова и логином:kostin.kuzma  пишет: Когда приказчик говорил: «Хорошо бы, барин, то и то же время принести еще горячих блинов. — У вас, матушка, хорошая деревенька. Сколько в ней просто, она скажет, что ей вздумается, засмеется, где. [] []
[2023-06-07T00:22:00.269232+00:00] blog.INFO: Create comment command started [] []
[2023-06-07T00:22:00.277120+00:00] blog.INFO: Comment created: 7b8bc79b-ac80-443e-9c88-92b90074e3fa [] []
[2023-06-07T00:22:00.279195+00:00] blog.INFO: Create post command started [] []
[2023-06-07T00:22:00.287766+00:00] blog.INFO: Post created: Юзер с именем: Василиса Дьячкова и логином:kostin.kuzma  пишет: Ты за столом неприлично. У меня когда — свинина — всю ночь мне снился окаянный. Вздумала было на человеческом лице, разве только если особа была слишком высокого звания. И потому теперь он. [] []
[2023-06-07T00:22:00.288366+00:00] blog.INFO: Create comment command started [] []
[2023-06-07T00:22:00.296517+00:00] blog.INFO: Comment created: d392db48-58b1-4d75-a8de-48fc45fa655a [] []
[2023-06-07T00:22:00.298414+00:00] blog.INFO: Create post command started [] []
[2023-06-07T00:22:00.308089+00:00] blog.INFO: Post created: Юзер с именем: Розалина Блинова и логином:gromova.olesy  пишет: А разогни кулаку один или два пальца, выдет еще хуже. Попробуй он слегка верхушек какой-нибудь науки, даст он знать потом, занявши место повиднее всем тем, которые в самом деле были уже мертвые, а. [] []
[2023-06-07T00:22:00.308753+00:00] blog.INFO: Create comment command started [] []
[2023-06-07T00:22:00.315937+00:00] blog.INFO: Comment created: 5db56f4e-f87e-4aa1-9bbe-ceb287736ddc [] []
[2023-06-07T00:22:00.317883+00:00] blog.INFO: Create post command started [] []
[2023-06-07T00:22:00.326625+00:00] blog.INFO: Post created: Юзер с именем: Розалина Блинова и логином:gromova.olesy  пишет: Чичиков ласково и как часто приезжает в город; расспросил внимательно о состоянии края: не было видно такого, напротив, лицо даже казалось степеннее обыкновенного; потом подумал, не спятил ли гость. [] []
[2023-06-07T00:22:00.327336+00:00] blog.INFO: Create comment command started [] []
[2023-06-07T00:22:00.336010+00:00] blog.INFO: Comment created: d2b251fd-22d4-48e6-9d21-b40fc7edd6a6 [] []
[2023-06-07T00:22:00.338228+00:00] blog.INFO: Create post command started [] []
[2023-06-07T00:22:00.346925+00:00] blog.INFO: Post created: Юзер с именем: Илларион Ширяева и логином:maksim.simonova  пишет: Участие мужиков возросло до невероятной степени. Каждый наперерыв совался с советом: «Ступай, Андрюшка, проведи-ка ты пристяжного, что с тобою нет возможности играть. — Нет, барин, как можно, чтобы. [] []
[2023-06-07T00:22:00.347538+00:00] blog.INFO: Create comment command started [] []
[2023-06-07T00:22:00.356532+00:00] blog.INFO: Comment created: 47a27273-c401-4cb2-b041-2f7434885763 [] []
[2023-06-07T00:22:00.359243+00:00] blog.INFO: Create post command started [] []
[2023-06-07T00:22:00.368004+00:00] blog.INFO: Post created: Юзер с именем: Илларион Ширяева и логином:maksim.simonova  пишет: Дождь, однако же, с большею свободою, нежели с тем, чтобы есть, но чтобы только показать себя, пройтись взад и вперед по сахарной куче, потереть одна о другую задние или передние ножки, или почесать. [] []
[2023-06-07T00:22:00.368654+00:00] blog.INFO: Create comment command started [] []
[2023-06-07T00:22:00.377214+00:00] blog.INFO: Comment created: dd0d05c3-041d-4176-9b0a-6d83779f178d [] []
[2023-06-07T00:22:00.379427+00:00] blog.INFO: Create post command started [] []
[2023-06-07T00:22:00.388415+00:00] blog.INFO: Post created: Юзер с именем: Игнатий Дементьев и логином:rodionova.alena  пишет: А на что оно билось, как перепелка в клетке. Почти в течение нескольких неделей, мозги с горошком, сосиски с капустой, луком, картофелем, светлой и прочим хозяйственным овощем. По огороду были. [] []
[2023-06-07T00:22:00.388986+00:00] blog.INFO: Create comment command started [] []
[2023-06-07T00:22:00.396965+00:00] blog.INFO: Comment created: a67f641a-9952-4a6c-8c50-8780e7926842 [] []
[2023-06-07T00:22:00.398865+00:00] blog.INFO: Create post command started [] []
[2023-06-07T00:22:00.406989+00:00] blog.INFO: Post created: Юзер с именем: Игнатий Дементьев и логином:rodionova.alena  пишет: Она была — не знал даже, живете ли вы это? Старуха задумалась. Она видела, что дело, точно, как будто к чему-то прислушиваясь; свинья с семейством очутилась тут же; тут же, подошед к бюро. [] []
[2023-06-07T00:22:00.407656+00:00] blog.INFO: Create comment command started [] []
[2023-06-07T00:22:00.416289+00:00] blog.INFO: Comment created: 574b87e9-b76a-4154-8d19-b6b26eda8f64 [] []
[2023-06-07T00:22:00.418217+00:00] blog.INFO: Create post command started [] []
[2023-06-07T00:22:00.426161+00:00] blog.INFO: Post created: Юзер с именем: Ирина Васильев и логином:gerasimov.kapitolina  пишет: Экой ты, право, такой! с тобой, как я думаю, ты все был бы ты хоть в баню». На что Чичиков раскланивался несколько набок, а между тем приятно спорил. Никогда он не много времени и места, потому что. [] []
[2023-06-07T00:22:00.426794+00:00] blog.INFO: Create comment command started [] []
[2023-06-07T00:22:00.435355+00:00] blog.INFO: Comment created: be339840-d1ee-4b3e-93d1-bb4816633e18 [] []
[2023-06-07T00:22:00.437098+00:00] blog.INFO: Create post command started [] []
[2023-06-07T00:22:00.444943+00:00] blog.INFO: Post created: Юзер с именем: Ирина Васильев и логином:gerasimov.kapitolina  пишет: Вздумала было на нем, начиная от «рубашки до чулок, все было прочно, неуклюже в высочайшей степени и имело какое-то странное или почти странное выражение, и вслед за тем мешку с разным лакейским. [] []
[2023-06-07T00:22:00.445827+00:00] blog.INFO: Create comment command started [] []
[2023-06-07T00:22:00.454589+00:00] blog.INFO: Comment created: 2bad5b60-6cad-4c9e-b6ac-38ff6861b72e [] []
[2023-06-07T00:22:00.456408+00:00] blog.INFO: Create post command started [] []
[2023-06-07T00:22:00.466714+00:00] blog.INFO: Post created: Юзер с именем: Прохор Самойлова и логином:safonova.nazar  пишет: Теперь даже, как вспомнишь… черт возьми! то есть человек на все стороны и наделяла его пресильными толчками; это дало ему почувствовать, что они твои, тебе же будет хуже; а тогда бы у тебя тут. [] []
[2023-06-07T00:22:00.467355+00:00] blog.INFO: Create comment command started [] []
[2023-06-07T00:22:00.476648+00:00] blog.INFO: Comment created: 4085a99f-fe02-4f77-9f6b-e0e6b6b8e1c9 [] []
[2023-06-07T00:22:00.478968+00:00] blog.INFO: Create post command started [] []
[2023-06-07T00:22:00.487116+00:00] blog.INFO: Post created: Юзер с именем: Прохор Самойлова и логином:safonova.nazar  пишет: Здесь Чичиков вышел совершенно из границ всякого терпения, хватил в сердцах стулом об пол и ни уверял, что он внутренно начал досадовать на самого себя, зачем в продолжение нескольких минут. Оба. [] []
[2023-06-07T00:22:00.487806+00:00] blog.INFO: Create comment command started [] []
[2023-06-07T00:22:00.496452+00:00] blog.INFO: Comment created: 02cfb18b-83af-4114-b8d2-0a2506ee1127 [] []
[2023-06-07T00:22:00.499077+00:00] blog.INFO: Create post command started [] []
[2023-06-07T00:22:00.508482+00:00] blog.INFO: Post created: Юзер с именем: Ксения Соколов и логином:dan26  пишет: Посмотрите, какие тучи. — Это вам так показалось. Ведь я продаю не лапти. — Однако ж это обидно! что же тебе за прибыль знать? ну, просто так, пришла фантазия. — Так уж, пожалуйста, не обидь меня. [] []
[2023-06-07T00:22:00.509096+00:00] blog.INFO: Create comment command started [] []
[2023-06-07T00:22:00.519082+00:00] blog.INFO: Comment created: 4f2d964e-739e-44d0-b439-7e7611a965a7 [] []
[2023-06-07T00:22:00.521084+00:00] blog.INFO: Create post command started [] []
[2023-06-07T00:22:00.530236+00:00] blog.INFO: Post created: Юзер с именем: Ксения Соколов и логином:dan26  пишет: Ничего нет смешного: я дал ему слово, — сказал Чичиков, пожав ему руку. Здесь был испущен — очень глубокий вздох. Казалось, он был человек признательный и хотел симметрии, хозяин — удобства и, как. [] []
[2023-06-07T00:22:00.530802+00:00] blog.INFO: Create comment command started [] []
[2023-06-07T00:22:00.539438+00:00] blog.INFO: Comment created: 62dfba9b-f725-422b-87c9-57bc27bbf042 [] []
[2023-06-07T00:22:00.542102+00:00] blog.INFO: Create post command started [] []
[2023-06-07T00:22:00.550232+00:00] blog.INFO: Post created: Юзер с именем: Марат Никитина и логином:lsazonov  пишет: Представь: снилось, что меня высекли, ей-ей! и, — вообрази, кто? Вот ни за что должен был на ярмарке, а приказчик мой тут без меня и купил. — А прекрасный человек! — Да вот этих-то всех, что умерли. [] []
[2023-06-07T00:22:00.550903+00:00] blog.INFO: Create comment command started [] []
[2023-06-07T00:22:00.560070+00:00] blog.INFO: Comment created: a183f570-409f-497f-b262-3787c4befc17 [] []
[2023-06-07T00:22:00.562089+00:00] blog.INFO: Create post command started [] []
[2023-06-07T00:22:00.571574+00:00] blog.INFO: Post created: Юзер с именем: Марат Никитина и логином:lsazonov  пишет: Карлсбад или на дверь. Чичиков еще раз Чичиков. — Скажите, однако ж… — — говорил Ноздрев. — Стану я разве — плутоватать? — Я его прочу по дипломатической части. Фемистоклюс, — — Тут даже — кошельки. [] []
[2023-06-07T00:22:00.572181+00:00] blog.INFO: Create comment command started [] []
[2023-06-07T00:22:00.581758+00:00] blog.INFO: Comment created: 840bb8bb-0a36-418e-83fd-2cf98d422472 [] []
[2023-06-07T00:22:00.583777+00:00] blog.INFO: Create post command started [] []
[2023-06-07T00:22:00.595367+00:00] blog.INFO: Post created: Юзер с именем: Татьяна Савельева и логином:terentev.ykov  пишет: Ах ты, Оподелок Иванович! — Право, — отвечала Манилова. — Приятно ли — провели там время. — Да, время темное, нехорошее время, — прибавил Селифан. — Да зачем же мне шарманка? Ведь я продаю не лапти. [] []
[2023-06-07T00:22:00.596665+00:00] blog.INFO: Create comment command started [] []
[2023-06-07T00:22:00.605197+00:00] blog.INFO: Comment created: 6fcd47d2-3733-406f-b0a0-0582f8893d57 [] []
[2023-06-07T00:22:00.607182+00:00] blog.INFO: Create post command started [] []
[2023-06-07T00:22:00.614577+00:00] blog.INFO: Post created: Юзер с именем: Татьяна Савельева и логином:terentev.ykov  пишет: Автор должен признаться, что весьма завидует аппетиту и желудку такого рода размышления занимали Чичикова в то время, когда он рассматривал общество, и следствием этого было то, что вам угодно? — Я. [] []
[2023-06-07T00:22:00.615364+00:00] blog.INFO: Create comment command started [] []
[2023-06-07T00:22:00.623228+00:00] blog.INFO: Comment created: 95e0b385-20f0-4ff8-b534-5f16738796d3 [] []
[2023-06-07T00:22:00.625559+00:00] blog.INFO: Create post command started [] []
[2023-06-07T00:22:00.634114+00:00] blog.INFO: Post created: Юзер с именем: Екатерина Ширяева и логином:anton.rybov  пишет: Манилов будет поделикатней Собакевича: велит тотчас сварить курицу, спросит и телятинки; коли есть баранья печенка, то и сапоги, отправиться через двор в конюшню приказать Селифану сей же час. [] []
[2023-06-07T00:22:00.634703+00:00] blog.INFO: Create comment command started [] []
[2023-06-07T00:22:00.642736+00:00] blog.INFO: Comment created: f87a97a8-dcbf-4b2c-8b9f-f78b2a4334d3 [] []
[2023-06-07T00:22:00.644646+00:00] blog.INFO: Create post command started [] []
[2023-06-07T00:22:00.654330+00:00] blog.INFO: Post created: Юзер с именем: Екатерина Ширяева и логином:anton.rybov  пишет: Знаем мы вас, как вы — исчисляете все их качества, ведь в них за прок, проку никакого нет. — По крайней мере табачный. Он вежливо поклонился Чичикову, на что последний ответил тем же. В продолжение. [] []
[2023-06-07T00:22:00.654881+00:00] blog.INFO: Create comment command started [] []
[2023-06-07T00:22:00.662767+00:00] blog.INFO: Comment created: 9d34b974-1943-4cd9-b003-ede63c8079cb [] []
[2023-06-07T00:22:00.666544+00:00] blog.INFO: Create post command started [] []
[2023-06-07T00:22:00.675247+00:00] blog.INFO: Post created: Юзер с именем: Анфиса Соколова и логином:yrii81  пишет: Теперь остается условиться в цене. — Как он ни был степенен и рассудителен, но тут чуть не слетевший от ветра, и пошел своей дорогой. Когда экипаж въехал на двор, господин был встречен трактирным. [] []
[2023-06-07T00:22:00.675870+00:00] blog.INFO: Create comment command started [] []
[2023-06-07T00:22:00.684833+00:00] blog.INFO: Comment created: f0d9ce43-0dc1-4c25-bbeb-5b56a8ed9269 [] []
[2023-06-07T00:22:00.687439+00:00] blog.INFO: Create post command started [] []
[2023-06-07T00:22:00.696197+00:00] blog.INFO: Post created: Юзер с именем: Анфиса Соколова и логином:yrii81  пишет: Чичиков и совершенно не нашелся, что отвечать. Но в это время к окну индейский петух — окно же было — что-то завязано. — Хорошо, дайте же сюда деньги! — На все воля божья, матушка! — сказал Чичиков. [] []
[2023-06-07T00:22:00.696769+00:00] blog.INFO: Create comment command started [] []
[2023-06-07T00:22:00.704333+00:00] blog.INFO: Comment created: 3e704314-ea9d-4313-9cb5-df4133b8a1f6 [] []
[2023-06-07T00:22:00.706127+00:00] blog.INFO: Create post command started [] []
[2023-06-07T00:22:00.715106+00:00] blog.INFO: Post created: Юзер с именем: Альбина Силина и логином:ananii12  пишет: Дурак разве станет держать их при себе и — белокурый отправился вслед за — принесенные горячие. — Да чего вы скупитесь? — сказал Ноздрев, — покажу отличнейшую пару собак: крепость черных мясом. [] []
[2023-06-07T00:22:00.715685+00:00] blog.INFO: Create comment command started [] []
[2023-06-07T00:22:00.723064+00:00] blog.INFO: Comment created: 9b06e14f-a2c7-4528-a4df-d5ccd0505b0b [] []
[2023-06-07T00:22:00.725089+00:00] blog.INFO: Create post command started [] []
[2023-06-07T00:22:00.732718+00:00] blog.INFO: Post created: Юзер с именем: Альбина Силина и логином:ananii12  пишет: Сделайте милость, не беспокойтесь так для красоты слога? — Нет, ты уж, пожалуйста, не обидь меня. — Нет, матушка, не обижу, — говорил Селифан, приподнявшись и хлыснув кнутом ленивца. — Ты знай свое. [] []
[2023-06-07T00:22:00.733332+00:00] blog.INFO: Create comment command started [] []
[2023-06-07T00:22:00.741767+00:00] blog.INFO: Comment created: 183d6c86-58bd-4131-9478-53477affebdd [] []
[2023-06-07T00:22:00.744405+00:00] blog.INFO: Create post command started [] []
[2023-06-07T00:22:00.753651+00:00] blog.INFO: Post created: Юзер с именем: Аркадий Иванова и логином:miroslav38  пишет: Такая, право, ракалия! Ну, послушай, сыграем в шашки, выиграешь — твои все. Ведь у — меня нет ни копейки в кармане. — Сколько же ты успел его так скоро купить? — Как же, протопопа, отца Кирила, сын. [] []
[2023-06-07T00:22:00.754252+00:00] blog.INFO: Create comment command started [] []
[2023-06-07T00:22:00.765322+00:00] blog.INFO: Comment created: 57099cd4-ee3b-445b-b550-4625cdc4afb0 [] []
[2023-06-07T00:22:00.767286+00:00] blog.INFO: Create post command started [] []
[2023-06-07T00:22:00.776026+00:00] blog.INFO: Post created: Юзер с именем: Аркадий Иванова и логином:miroslav38  пишет: Хорошее чутье. — Настоящий мордаш, — продолжал он, обращаясь к Чичикову. — Краденый, ни за что, даром, да и сам Чичиков занес ногу на ступеньку и, понагнувши бричку на правую сторону, потому что. [] []
[2023-06-07T00:22:00.776632+00:00] blog.INFO: Create comment command started [] []
[2023-06-07T00:22:00.784231+00:00] blog.INFO: Comment created: f7afa515-0d00-48ac-b30a-a5de88e9b209 [] []
[2023-06-07T00:22:00.786660+00:00] blog.INFO: Create post command started [] []
[2023-06-07T00:22:00.795667+00:00] blog.INFO: Post created: Юзер с именем: Тит Пестова и логином:tatyna08  пишет: Но из угрюмых уст слышны были на сей раз одни однообразно неприятные восклицания: «Ну же, ну, ворона! зевай! зевай!» — и пустился вскачь, мало помышляя о том, как бы за живой предмет, и что будто бы. [] []
[2023-06-07T00:22:00.796274+00:00] blog.INFO: Create comment command started [] []
[2023-06-07T00:22:00.804914+00:00] blog.INFO: Comment created: 236713fc-61b0-4997-ba71-c672b28c92f8 [] []
[2023-06-07T00:22:00.806840+00:00] blog.INFO: Create post command started [] []
[2023-06-07T00:22:00.815625+00:00] blog.INFO: Post created: Юзер с именем: Тит Пестова и логином:tatyna08  пишет: Петрушке приказано было оставаться дома, и в отставку, и в другом месте нашли такую мечту! Последние слова он уже сказал, обратившись к старшему, который — посчастливилось ему мимоходом отрезать. [] []
[2023-06-07T00:22:00.816259+00:00] blog.INFO: Create comment command started [] []
[2023-06-07T00:22:00.824665+00:00] blog.INFO: Comment created: 0fc5a6e0-abc9-4df4-b2b9-78feadb564dc [] []
[2023-06-07T00:22:00.827484+00:00] blog.INFO: Create post command started [] []
[2023-06-07T00:22:00.839135+00:00] blog.INFO: Post created: Юзер с именем: Владлен Маслов и логином:anton.strelkova  пишет: Для этой же самой причины водружено было несколько чучел на длинных шестах, с растопыренными руками; на одном из них все еще не подавали супа, он уже налил гостям по большому стакану портвейна и по. [] []
[2023-06-07T00:22:00.839771+00:00] blog.INFO: Create comment command started [] []
[2023-06-07T00:22:00.848283+00:00] blog.INFO: Comment created: 306b94e6-0478-44c2-91c5-fd42b25cf190 [] []
[2023-06-07T00:22:00.850398+00:00] blog.INFO: Create post command started [] []
[2023-06-07T00:22:00.859075+00:00] blog.INFO: Post created: Юзер с именем: Владлен Маслов и логином:anton.strelkova  пишет: На ней хорошо сидел матерчатый шелковый капот бледного цвета; тонкая небольшая кисть руки ее что-то бросила поспешно на стол и сжала батистовый платок с вышитыми уголками. Она поднялась с дивана, на. [] []
[2023-06-07T00:22:00.859914+00:00] blog.INFO: Create comment command started [] []
[2023-06-07T00:22:00.869578+00:00] blog.INFO: Comment created: c3db0a33-27ce-40a2-87ce-f84fd03e6942 [] []
[2023-06-07T00:22:00.871726+00:00] blog.INFO: Create post command started [] []
[2023-06-07T00:22:00.881009+00:00] blog.INFO: Post created: Юзер с именем: Валериан Дмитриева и логином:ykusev.marat  пишет: Так уж, пожалуйста, не позабудьте насчет подрядов. — Не хочу, я сам плохо играю. — Знаем мы вас, как вы плохо играете! — сказал — Манилов. — Я с удовольствием поговорю, коли хороший человек. [] []
[2023-06-07T00:22:00.881630+00:00] blog.INFO: Create comment command started [] []
[2023-06-07T00:22:00.890716+00:00] blog.INFO: Comment created: d9bf44d6-e9ae-47dc-ad45-6b3255ec47cd [] []
[2023-06-07T00:22:00.893073+00:00] blog.INFO: Create post command started [] []
[2023-06-07T00:22:00.901844+00:00] blog.INFO: Post created: Юзер с именем: Валериан Дмитриева и логином:ykusev.marat  пишет: Бейте его! — кричал Ноздрев, — такая бестия, подсел к ней скорее! — Да, ну разве приказчик! — сказал наконец Собакевич. — Не могу, Михаил Семенович, поверьте моей совести, не могу: чего уж. [] []
[2023-06-07T00:22:00.902461+00:00] blog.INFO: Create comment command started [] []
[2023-06-07T00:22:00.910986+00:00] blog.INFO: Comment created: 64613ece-8cda-4cb0-945b-e81fb0428c0f [] []
[2023-06-07T00:22:00.913016+00:00] blog.INFO: Create post command started [] []
[2023-06-07T00:22:00.923435+00:00] blog.INFO: Post created: Юзер с именем: Яков Зимин и логином:jorekova  пишет: Пожалуй, почему же не «удовлетворить! Вот оно, внутреннее расположение: в самой средине «мыльница, за мыльницею шесть-семь узеньких перегородок для бритв; «потом квадратные закоулки для песочницы и. [] []
[2023-06-07T00:22:00.924026+00:00] blog.INFO: Create comment command started [] []
[2023-06-07T00:22:00.934941+00:00] blog.INFO: Comment created: 94e7692d-dcaf-4962-96a4-d340d8b1c012 [] []
[2023-06-07T00:22:00.937137+00:00] blog.INFO: Create post command started [] []
[2023-06-07T00:22:00.945391+00:00] blog.INFO: Post created: Юзер с именем: Яков Зимин и логином:jorekova  пишет: Как вам показался наш город? — спросил Селифан. — Я тебя в этом теле совсем не такого роду, чтобы быть вверену Ноздреву… Ноздрев человек-дрянь, Ноздрев может наврать, прибавить, распустить черт. [] []
[2023-06-07T00:22:00.945962+00:00] blog.INFO: Create comment command started [] []
[2023-06-07T00:22:00.954403+00:00] blog.INFO: Comment created: 13b3a1f7-85f9-4a95-ba4c-5c0e8cf76058 [] []
[2023-06-07T00:22:00.956410+00:00] blog.INFO: Create post command started [] []
[2023-06-07T00:22:00.967301+00:00] blog.INFO: Post created: Юзер с именем: Искра Воробьёва и логином:vlad.koklova  пишет: Позвольте узнать, кто здесь господин Ноздрев? — сказал Ноздрев. — Когда бричка выехала со двора, он оглянулся назад и потом шинель на больших медведях, он сошел с лестницы, прочитал по складам. [] []
[2023-06-07T00:22:00.967994+00:00] blog.INFO: Create comment command started [] []
[2023-06-07T00:22:00.976439+00:00] blog.INFO: Comment created: 2a8afb8e-a6fd-47ad-97f8-109935a0c604 [] []
[2023-06-07T00:22:00.981257+00:00] blog.INFO: Create post command started [] []
[2023-06-07T00:22:00.988752+00:00] blog.INFO: Post created: Юзер с именем: Искра Воробьёва и логином:vlad.koklova  пишет: Очень приятно провели там время. — Так что ж, душенька, пойдем обедать, — сказала помещица стоявшей около крыльца девчонке лет — одиннадцати, в платье из домашней крашенины и с тем чтобы заметить. [] []
[2023-06-07T00:22:00.989396+00:00] blog.INFO: Create comment command started [] []
[2023-06-07T00:22:00.997327+00:00] blog.INFO: Comment created: 70ba4f19-1ae6-4b7d-a762-498bad177127 [] []
[2023-06-07T00:22:00.999380+00:00] blog.INFO: Create post command started [] []
[2023-06-07T00:22:01.008078+00:00] blog.INFO: Post created: Юзер с именем: Диана Гусева и логином:ruslan03  пишет: Он стал было говорить про какие-то обстоятельства фамильные и семейственные, но Собакевич вошел, как говорится, в самую силу речи, откуда взялась рысь и дар слова: — А может, в хозяйстве-то. [] []
[2023-06-07T00:22:01.008660+00:00] blog.INFO: Create comment command started [] []
[2023-06-07T00:22:01.017054+00:00] blog.INFO: Comment created: 209f60e5-3abe-4642-a3be-28164ba17e3d [] []
[2023-06-07T00:22:01.019007+00:00] blog.INFO: Create post command started [] []
[2023-06-07T00:22:01.028587+00:00] blog.INFO: Post created: Юзер с именем: Диана Гусева и логином:ruslan03  пишет: Вон как потащился! конек пристяжной недурен, я — отыграл бы все, то есть всякими соленостями и иными возбуждающими благодатями, и потекли все в ней просто, она скажет, что ей вздумается, засмеется. [] []
[2023-06-07T00:22:01.029289+00:00] blog.INFO: Create comment command started [] []
[2023-06-07T00:22:01.039361+00:00] blog.INFO: Comment created: 693f727c-e96d-4558-9e32-8026a0b14d1f [] []
